[0.177s] DEBUG:colcon:Command line arguments: ['/usr/bin/colcon', 'build']
[0.177s] DEBUG:colcon:Parsed command line arguments: Namespace(log_base=None, log_level=None, verb_name='build', build_base='build', install_base='install', merge_install=False, symlink_install=False, test_result_base=None, continue_on_error=False, executor='parallel', parallel_workers=4, event_handlers=None, ignore_user_meta=False, metas=['./colcon.meta'], base_paths=['.'], packages_ignore=None, packages_ignore_regex=None, paths=None, packages_up_to=None, packages_up_to_regex=None, packages_above=None, packages_above_and_dependencies=None, packages_above_depth=None, packages_select_by_dep=None, packages_skip_by_dep=None, packages_skip_up_to=None, packages_select_build_failed=False, packages_skip_build_finished=False, packages_select_test_failures=False, packages_skip_test_passed=False, packages_select=None, packages_skip=None, packages_select_regex=None, packages_skip_regex=None, packages_start=None, packages_end=None, allow_overriding=[], cmake_args=None, cmake_target=None, cmake_target_skip_unavailable=False, cmake_clean_cache=False, cmake_clean_first=False, cmake_force_configure=False, ament_cmake_args=None, catkin_cmake_args=None, catkin_skip_building_tests=False, mixin_files=None, mixin=None, verb_parser=<colcon_mixin.mixin.mixin_argument.MixinArgumentDecorator object at 0x764187cac6e0>, verb_extension=<colcon_core.verb.build.BuildVerb object at 0x764187c83f20>, main=<bound method BuildVerb.main of <colcon_core.verb.build.BuildVerb object at 0x764187c83f20>>, mixin_verb=('build',))
[0.243s] Level 1:colcon.colcon_core.package_discovery:discover_packages(colcon_meta) check parameters
[0.243s] Level 1:colcon.colcon_core.package_discovery:discover_packages(recursive) check parameters
[0.243s] Level 1:colcon.colcon_core.package_discovery:discover_packages(ignore) check parameters
[0.243s] Level 1:colcon.colcon_core.package_discovery:discover_packages(path) check parameters
[0.243s] Level 1:colcon.colcon_core.package_discovery:discover_packages(colcon_meta) discover
[0.243s] Level 1:colcon.colcon_core.package_discovery:discover_packages(recursive) discover
[0.243s] INFO:colcon.colcon_core.package_discovery:Crawling recursively for packages in '/home/user/Escritorio/ejemplos/final/Parte 3'
[0.244s] Level 1:colcon.colcon_core.package_identification:_identify(.) by extensions ['ignore', 'ignore_ament_install']
[0.244s] Level 1:colcon.colcon_core.package_identification:_identify(.) by extension 'ignore'
[0.244s] Level 1:colcon.colcon_core.package_identification:_identify(.) by extension 'ignore_ament_install'
[0.244s] Level 1:colcon.colcon_core.package_identification:_identify(.) by extensions ['colcon_pkg']
[0.244s] Level 1:colcon.colcon_core.package_identification:_identify(.) by extension 'colcon_pkg'
[0.244s] Level 1:colcon.colcon_core.package_identification:_identify(.) by extensions ['colcon_meta']
[0.244s] Level 1:colcon.colcon_core.package_identification:_identify(.) by extension 'colcon_meta'
[0.244s] Level 1:colcon.colcon_core.package_identification:_identify(.) by extensions ['ros']
[0.244s] Level 1:colcon.colcon_core.package_identification:_identify(.) by extension 'ros'
[0.283s] Level 1:colcon.colcon_core.package_identification:_identify(.) by extensions ['cmake', 'python']
[0.284s] Level 1:colcon.colcon_core.package_identification:_identify(.) by extension 'cmake'
[0.284s] Level 1:colcon.colcon_core.package_identification:_identify(.) by extension 'python'
[0.284s] Level 1:colcon.colcon_core.package_identification:_identify(.) by extensions ['python_setup_py']
[0.284s] Level 1:colcon.colcon_core.package_identification:_identify(.) by extension 'python_setup_py'
[0.284s] Level 1:colcon.colcon_core.package_identification:_identify(build) by extensions ['ignore', 'ignore_ament_install']
[0.284s] Level 1:colcon.colcon_core.package_identification:_identify(build) by extension 'ignore'
[0.284s] Level 1:colcon.colcon_core.package_identification:_identify(build) ignored
[0.284s] Level 1:colcon.colcon_core.package_identification:_identify(install) by extensions ['ignore', 'ignore_ament_install']
[0.285s] Level 1:colcon.colcon_core.package_identification:_identify(install) by extension 'ignore'
[0.285s] Level 1:colcon.colcon_core.package_identification:_identify(install) ignored
[0.285s] Level 1:colcon.colcon_core.package_identification:_identify(log) by extensions ['ignore', 'ignore_ament_install']
[0.285s] Level 1:colcon.colcon_core.package_identification:_identify(log) by extension 'ignore'
[0.285s] Level 1:colcon.colcon_core.package_identification:_identify(log) ignored
[0.285s] Level 1:colcon.colcon_core.package_identification:_identify(src) by extensions ['ignore', 'ignore_ament_install']
[0.285s] Level 1:colcon.colcon_core.package_identification:_identify(src) by extension 'ignore'
[0.285s] Level 1:colcon.colcon_core.package_identification:_identify(src) by extension 'ignore_ament_install'
[0.285s] Level 1:colcon.colcon_core.package_identification:_identify(src) by extensions ['colcon_pkg']
[0.286s] Level 1:colcon.colcon_core.package_identification:_identify(src) by extension 'colcon_pkg'
[0.286s] Level 1:colcon.colcon_core.package_identification:_identify(src) by extensions ['colcon_meta']
[0.286s] Level 1:colcon.colcon_core.package_identification:_identify(src) by extension 'colcon_meta'
[0.286s] Level 1:colcon.colcon_core.package_identification:_identify(src) by extensions ['ros']
[0.286s] Level 1:colcon.colcon_core.package_identification:_identify(src) by extension 'ros'
[0.286s] Level 1:colcon.colcon_core.package_identification:_identify(src) by extensions ['cmake', 'python']
[0.286s] Level 1:colcon.colcon_core.package_identification:_identify(src) by extension 'cmake'
[0.286s] Level 1:colcon.colcon_core.package_identification:_identify(src) by extension 'python'
[0.286s] Level 1:colcon.colcon_core.package_identification:_identify(src) by extensions ['python_setup_py']
[0.286s] Level 1:colcon.colcon_core.package_identification:_identify(src) by extension 'python_setup_py'
[0.286s] Level 1:colcon.colcon_core.package_identification:_identify(src/triciclo_py) by extensions ['ignore', 'ignore_ament_install']
[0.286s] Level 1:colcon.colcon_core.package_identification:_identify(src/triciclo_py) by extension 'ignore'
[0.287s] Level 1:colcon.colcon_core.package_identification:_identify(src/triciclo_py) by extension 'ignore_ament_install'
[0.287s] Level 1:colcon.colcon_core.package_identification:_identify(src/triciclo_py) by extensions ['colcon_pkg']
[0.287s] Level 1:colcon.colcon_core.package_identification:_identify(src/triciclo_py) by extension 'colcon_pkg'
[0.287s] Level 1:colcon.colcon_core.package_identification:_identify(src/triciclo_py) by extensions ['colcon_meta']
[0.287s] Level 1:colcon.colcon_core.package_identification:_identify(src/triciclo_py) by extension 'colcon_meta'
[0.287s] Level 1:colcon.colcon_core.package_identification:_identify(src/triciclo_py) by extensions ['ros']
[0.287s] Level 1:colcon.colcon_core.package_identification:_identify(src/triciclo_py) by extension 'ros'
[0.290s] DEBUG:colcon.colcon_core.package_identification:Package 'src/triciclo_py' with type 'ros.ament_python' and name 'triciclo_py'
[0.290s] Level 1:colcon.colcon_core.package_discovery:discover_packages(recursive) using defaults
[0.291s] Level 1:colcon.colcon_core.package_discovery:discover_packages(ignore) discover
[0.291s] Level 1:colcon.colcon_core.package_discovery:discover_packages(ignore) using defaults
[0.291s] Level 1:colcon.colcon_core.package_discovery:discover_packages(path) discover
[0.291s] Level 1:colcon.colcon_core.package_discovery:discover_packages(path) using defaults
[0.318s] Level 1:colcon.colcon_core.package_discovery:discover_packages(prefix_path) check parameters
[0.318s] Level 1:colcon.colcon_core.package_discovery:discover_packages(prefix_path) discover
[0.323s] DEBUG:colcon.colcon_installed_package_information.package_discovery:Found 422 installed packages in /opt/ros/jazzy
[0.325s] Level 1:colcon.colcon_core.package_discovery:discover_packages(prefix_path) using defaults
[0.421s] Level 5:colcon.colcon_core.verb:set package 'triciclo_py' build argument 'cmake_args' from command line to 'None'
[0.421s] Level 5:colcon.colcon_core.verb:set package 'triciclo_py' build argument 'cmake_target' from command line to 'None'
[0.421s] Level 5:colcon.colcon_core.verb:set package 'triciclo_py' build argument 'cmake_target_skip_unavailable' from command line to 'False'
[0.421s] Level 5:colcon.colcon_core.verb:set package 'triciclo_py' build argument 'cmake_clean_cache' from command line to 'False'
[0.421s] Level 5:colcon.colcon_core.verb:set package 'triciclo_py' build argument 'cmake_clean_first' from command line to 'False'
[0.421s] Level 5:colcon.colcon_core.verb:set package 'triciclo_py' build argument 'cmake_force_configure' from command line to 'False'
[0.421s] Level 5:colcon.colcon_core.verb:set package 'triciclo_py' build argument 'ament_cmake_args' from command line to 'None'
[0.421s] Level 5:colcon.colcon_core.verb:set package 'triciclo_py' build argument 'catkin_cmake_args' from command line to 'None'
[0.421s] Level 5:colcon.colcon_core.verb:set package 'triciclo_py' build argument 'catkin_skip_building_tests' from command line to 'False'
[0.421s] DEBUG:colcon.colcon_core.verb:Building package 'triciclo_py' with the following arguments: {'ament_cmake_args': None, 'build_base': '/home/user/Escritorio/ejemplos/final/Parte 3/build/triciclo_py', 'catkin_cmake_args': None, 'catkin_skip_building_tests': False, 'cmake_args': None, 'cmake_clean_cache': False, 'cmake_clean_first': False, 'cmake_force_configure': False, 'cmake_target': None, 'cmake_target_skip_unavailable': False, 'install_base': '/home/user/Escritorio/ejemplos/final/Parte 3/install/triciclo_py', 'merge_install': False, 'path': '/home/user/Escritorio/ejemplos/final/Parte 3/src/triciclo_py', 'symlink_install': False, 'test_result_base': None}
[0.422s] INFO:colcon.colcon_core.executor:Executing jobs using 'parallel' executor
[0.423s] DEBUG:colcon.colcon_parallel_executor.executor.parallel:run_until_complete
[0.423s] INFO:colcon.colcon_ros.task.ament_python.build:Building ROS package in '/home/user/Escritorio/ejemplos/final/Parte 3/src/triciclo_py' with build type 'ament_python'
[0.423s] Level 1:colcon.colcon_core.shell:create_environment_hook('triciclo_py', 'ament_prefix_path')
[0.427s] INFO:colcon.colcon_core.plugin_system:Skipping extension 'colcon_core.shell.bat': Not used on non-Windows systems
[0.427s] INFO:colcon.colcon_core.shell:Creating environment hook '/home/user/Escritorio/ejemplos/final/Parte 3/install/triciclo_py/share/triciclo_py/hook/ament_prefix_path.ps1'
[0.429s] INFO:colcon.colcon_core.shell:Creating environment descriptor '/home/user/Escritorio/ejemplos/final/Parte 3/install/triciclo_py/share/triciclo_py/hook/ament_prefix_path.dsv'
[0.430s] INFO:colcon.colcon_core.shell:Creating environment hook '/home/user/Escritorio/ejemplos/final/Parte 3/install/triciclo_py/share/triciclo_py/hook/ament_prefix_path.sh'
[0.431s] INFO:colcon.colcon_core.shell:Skip shell extension 'powershell' for command environment: Not usable outside of PowerShell
[0.431s] DEBUG:colcon.colcon_core.shell:Skip shell extension 'dsv' for command environment
[0.810s] WARNING:colcon.colcon_ros.task.ament_python.build:Package 'triciclo_py' doesn't explicitly install a marker in the package index (colcon-ros currently does it implicitly but that fallback will be removed in the future)
[0.810s] INFO:colcon.colcon_core.task.python.build:Building Python package in '/home/user/Escritorio/ejemplos/final/Parte 3/src/triciclo_py'
[0.811s] INFO:colcon.colcon_core.shell:Skip shell extension 'powershell' for command environment: Not usable outside of PowerShell
[0.811s] DEBUG:colcon.colcon_core.shell:Skip shell extension 'dsv' for command environment
[1.988s] DEBUG:colcon.colcon_core.event_handler.log_command:Invoking command in '/home/user/Escritorio/ejemplos/final/Parte 3/src/triciclo_py': DEBUGINFOD_URLS=https://debuginfod.ubuntu.com PYTHONPATH=/home/user/Escritorio/ejemplos/final/Parte 3/build/triciclo_py/prefix_override:/usr/lib/python3/dist-packages/colcon_core/task/python/colcon_distutils_commands:/home/user/Escritorio/ejemplos/final/Parte 3/install/triciclo_py/lib/python3.12/site-packages:${PYTHONPATH} /usr/bin/python3 -W ignore:setup.py install is deprecated -W ignore:easy_install command is deprecated setup.py egg_info --egg-base ../../build/triciclo_py build --build-base /home/user/Escritorio/ejemplos/final/Parte 3/build/triciclo_py/build install --record /home/user/Escritorio/ejemplos/final/Parte 3/build/triciclo_py/install.log --single-version-externally-managed install_data
[3.006s] DEBUG:colcon.colcon_core.event_handler.log_command:Invoked command in '/home/user/Escritorio/ejemplos/final/Parte 3/src/triciclo_py' returned '0': DEBUGINFOD_URLS=https://debuginfod.ubuntu.com PYTHONPATH=/home/user/Escritorio/ejemplos/final/Parte 3/build/triciclo_py/prefix_override:/usr/lib/python3/dist-packages/colcon_core/task/python/colcon_distutils_commands:/home/user/Escritorio/ejemplos/final/Parte 3/install/triciclo_py/lib/python3.12/site-packages:${PYTHONPATH} /usr/bin/python3 -W ignore:setup.py install is deprecated -W ignore:easy_install command is deprecated setup.py egg_info --egg-base ../../build/triciclo_py build --build-base /home/user/Escritorio/ejemplos/final/Parte 3/build/triciclo_py/build install --record /home/user/Escritorio/ejemplos/final/Parte 3/build/triciclo_py/install.log --single-version-externally-managed install_data
[3.009s] Level 1:colcon.colcon_core.environment:checking '/home/user/Escritorio/ejemplos/final/Parte 3/install/triciclo_py' for CMake module files
[3.010s] Level 1:colcon.colcon_core.environment:checking '/home/user/Escritorio/ejemplos/final/Parte 3/install/triciclo_py' for CMake config files
[3.011s] Level 1:colcon.colcon_core.environment:checking '/home/user/Escritorio/ejemplos/final/Parte 3/install/triciclo_py/lib'
[3.012s] Level 1:colcon.colcon_core.environment:checking '/home/user/Escritorio/ejemplos/final/Parte 3/install/triciclo_py/bin'
[3.012s] Level 1:colcon.colcon_core.environment:checking '/home/user/Escritorio/ejemplos/final/Parte 3/install/triciclo_py/lib/pkgconfig/triciclo_py.pc'
[3.012s] Level 1:colcon.colcon_core.environment:checking '/home/user/Escritorio/ejemplos/final/Parte 3/install/triciclo_py/lib/python3.12/site-packages'
[3.012s] Level 1:colcon.colcon_core.shell:create_environment_hook('triciclo_py', 'pythonpath')
[3.013s] INFO:colcon.colcon_core.shell:Creating environment hook '/home/user/Escritorio/ejemplos/final/Parte 3/install/triciclo_py/share/triciclo_py/hook/pythonpath.ps1'
[3.014s] INFO:colcon.colcon_core.shell:Creating environment descriptor '/home/user/Escritorio/ejemplos/final/Parte 3/install/triciclo_py/share/triciclo_py/hook/pythonpath.dsv'
[3.015s] INFO:colcon.colcon_core.shell:Creating environment hook '/home/user/Escritorio/ejemplos/final/Parte 3/install/triciclo_py/share/triciclo_py/hook/pythonpath.sh'
[3.016s] Level 1:colcon.colcon_core.environment:checking '/home/user/Escritorio/ejemplos/final/Parte 3/install/triciclo_py/bin'
[3.016s] Level 1:colcon.colcon_core.environment:create_environment_scripts_only(triciclo_py)
[3.017s] INFO:colcon.colcon_core.shell:Creating package script '/home/user/Escritorio/ejemplos/final/Parte 3/install/triciclo_py/share/triciclo_py/package.ps1'
[3.018s] INFO:colcon.colcon_core.shell:Creating package descriptor '/home/user/Escritorio/ejemplos/final/Parte 3/install/triciclo_py/share/triciclo_py/package.dsv'
[3.019s] INFO:colcon.colcon_core.shell:Creating package script '/home/user/Escritorio/ejemplos/final/Parte 3/install/triciclo_py/share/triciclo_py/package.sh'
[3.021s] INFO:colcon.colcon_core.shell:Creating package script '/home/user/Escritorio/ejemplos/final/Parte 3/install/triciclo_py/share/triciclo_py/package.bash'
[3.022s] INFO:colcon.colcon_core.shell:Creating package script '/home/user/Escritorio/ejemplos/final/Parte 3/install/triciclo_py/share/triciclo_py/package.zsh'
[3.023s] Level 1:colcon.colcon_core.environment:create_file_with_runtime_dependencies(/home/user/Escritorio/ejemplos/final/Parte 3/install/triciclo_py/share/colcon-core/packages/triciclo_py)
[3.024s] DEBUG:colcon.colcon_parallel_executor.executor.parallel:closing loop
[3.025s] DEBUG:colcon.colcon_parallel_executor.executor.parallel:loop closed
[3.025s] DEBUG:colcon.colcon_parallel_executor.executor.parallel:run_until_complete finished with '0'
[3.025s] DEBUG:colcon.colcon_core.event_reactor:joining thread
[3.035s] INFO:colcon.colcon_core.plugin_system:Skipping extension 'colcon_notification.desktop_notification.terminal_notifier': Not used on non-Darwin systems
[3.035s] INFO:colcon.colcon_core.plugin_system:Skipping extension 'colcon_notification.desktop_notification.win32': Not used on non-Windows systems
[3.035s] INFO:colcon.colcon_notification.desktop_notification:Sending desktop notification using 'notify2'
[3.080s] DEBUG:colcon.colcon_core.event_reactor:joined thread
[3.080s] INFO:colcon.colcon_core.shell:Creating prefix script '/home/user/Escritorio/ejemplos/final/Parte 3/install/local_setup.ps1'
[3.082s] INFO:colcon.colcon_core.shell:Creating prefix util module '/home/user/Escritorio/ejemplos/final/Parte 3/install/_local_setup_util_ps1.py'
[3.085s] INFO:colcon.colcon_core.shell:Creating prefix chain script '/home/user/Escritorio/ejemplos/final/Parte 3/install/setup.ps1'
[3.086s] INFO:colcon.colcon_core.shell:Creating prefix script '/home/user/Escritorio/ejemplos/final/Parte 3/install/local_setup.sh'
[3.088s] INFO:colcon.colcon_core.shell:Creating prefix util module '/home/user/Escritorio/ejemplos/final/Parte 3/install/_local_setup_util_sh.py'
[3.090s] INFO:colcon.colcon_core.shell:Creating prefix chain script '/home/user/Escritorio/ejemplos/final/Parte 3/install/setup.sh'
[3.092s] INFO:colcon.colcon_core.shell:Creating prefix script '/home/user/Escritorio/ejemplos/final/Parte 3/install/local_setup.bash'
[3.093s] INFO:colcon.colcon_core.shell:Creating prefix chain script '/home/user/Escritorio/ejemplos/final/Parte 3/install/setup.bash'
[3.095s] INFO:colcon.colcon_core.shell:Creating prefix script '/home/user/Escritorio/ejemplos/final/Parte 3/install/local_setup.zsh'
[3.096s] INFO:colcon.colcon_core.shell:Creating prefix chain script '/home/user/Escritorio/ejemplos/final/Parte 3/install/setup.zsh'
