[4.835s] Invoking command in '/home/user/Escritorio/ros/src/triciclo_py': DEBUGINFOD_URLS=https://debuginfod.ubuntu.com PYTHONPATH=/home/user/Escritorio/ros/build/triciclo_py/prefix_override:/usr/lib/python3/dist-packages/colcon_core/task/python/colcon_distutils_commands:/home/user/Escritorio/ros/install/triciclo_py/lib/python3.12/site-packages:${PYTHONPATH} /usr/bin/python3 -W ignore:setup.py install is deprecated -W ignore:easy_install command is deprecated setup.py egg_info --egg-base ../../build/triciclo_py build --build-base /home/user/Escritorio/ros/build/triciclo_py/build install --record /home/user/Escritorio/ros/build/triciclo_py/install.log --single-version-externally-managed install_data
[5.327s] running egg_info
[5.367s] writing ../../build/triciclo_py/triciclo_py.egg-info/PKG-INFO
[5.368s] writing dependency_links to ../../build/triciclo_py/triciclo_py.egg-info/dependency_links.txt
[5.368s] writing entry points to ../../build/triciclo_py/triciclo_py.egg-info/entry_points.txt
[5.369s] writing requirements to ../../build/triciclo_py/triciclo_py.egg-info/requires.txt
[5.369s] writing top-level names to ../../build/triciclo_py/triciclo_py.egg-info/top_level.txt
[5.450s] reading manifest file '../../build/triciclo_py/triciclo_py.egg-info/SOURCES.txt'
[5.451s] writing manifest file '../../build/triciclo_py/triciclo_py.egg-info/SOURCES.txt'
[5.452s] running build
[5.452s] running build_py
[5.452s] running install
[5.461s] running install_lib
[5.501s] running install_data
[5.502s] copying urdf/triciclo.urdf -> /home/user/Escritorio/ros/install/triciclo_py/share/triciclo_py/urdf
[5.502s] running install_egg_info
[5.541s] removing '/home/user/Escritorio/ros/install/triciclo_py/lib/python3.12/site-packages/triciclo_py-0.0.0-py3.12.egg-info' (and everything under it)
[5.543s] Copying ../../build/triciclo_py/triciclo_py.egg-info to /home/user/Escritorio/ros/install/triciclo_py/lib/python3.12/site-packages/triciclo_py-0.0.0-py3.12.egg-info
[5.548s] running install_scripts
[5.802s] Installing demo_movimiento script to /home/user/Escritorio/ros/install/triciclo_py/lib/triciclo_py
[5.803s] Installing mover_robot_cmdvel_rosgz script to /home/user/Escritorio/ros/install/triciclo_py/lib/triciclo_py
[5.803s] writing list of installed files to '/home/user/Escritorio/ros/build/triciclo_py/install.log'
[5.837s] Invoked command in '/home/user/Escritorio/ros/src/triciclo_py' returned '0': DEBUGINFOD_URLS=https://debuginfod.ubuntu.com PYTHONPATH=/home/user/Escritorio/ros/build/triciclo_py/prefix_override:/usr/lib/python3/dist-packages/colcon_core/task/python/colcon_distutils_commands:/home/user/Escritorio/ros/install/triciclo_py/lib/python3.12/site-packages:${PYTHONPATH} /usr/bin/python3 -W ignore:setup.py install is deprecated -W ignore:easy_install command is deprecated setup.py egg_info --egg-base ../../build/triciclo_py build --build-base /home/user/Escritorio/ros/build/triciclo_py/build install --record /home/user/Escritorio/ros/build/triciclo_py/install.log --single-version-externally-managed install_data
