[2.986s] Invoking command in '/home/user/Escritorio/ros/src/triciclo_py': DEBUGINFOD_URLS=https://debuginfod.ubuntu.com PYTHONPATH=/home/user/Escritorio/ros/build/triciclo_py/prefix_override:/usr/lib/python3/dist-packages/colcon_core/task/python/colcon_distutils_commands:/home/user/Escritorio/ros/install/triciclo_py/lib/python3.12/site-packages:${PYTHONPATH} /usr/bin/python3 -W ignore:setup.py install is deprecated -W ignore:easy_install command is deprecated setup.py egg_info --egg-base ../../build/triciclo_py build --build-base /home/user/Escritorio/ros/build/triciclo_py/build install --record /home/user/Escritorio/ros/build/triciclo_py/install.log --single-version-externally-managed install_data
[3.883s] running egg_info
[3.981s] writing ../../build/triciclo_py/triciclo_py.egg-info/PKG-INFO
[3.981s] writing dependency_links to ../../build/triciclo_py/triciclo_py.egg-info/dependency_links.txt
[3.981s] writing entry points to ../../build/triciclo_py/triciclo_py.egg-info/entry_points.txt
[3.983s] writing requirements to ../../build/triciclo_py/triciclo_py.egg-info/requires.txt
[3.983s] writing top-level names to ../../build/triciclo_py/triciclo_py.egg-info/top_level.txt
[4.167s] reading manifest file '../../build/triciclo_py/triciclo_py.egg-info/SOURCES.txt'
[4.169s] writing manifest file '../../build/triciclo_py/triciclo_py.egg-info/SOURCES.txt'
[4.170s] running build
[4.170s] running build_py
[4.170s] running install
[4.185s] running install_lib
[4.282s] running install_data
[4.284s] copying urdf/triciclo.urdf -> /home/user/Escritorio/ros/install/triciclo_py/share/triciclo_py/urdf
[4.284s] running install_egg_info
[4.357s] removing '/home/user/Escritorio/ros/install/triciclo_py/lib/python3.12/site-packages/triciclo_py-0.0.0-py3.12.egg-info' (and everything under it)
[4.359s] Copying ../../build/triciclo_py/triciclo_py.egg-info to /home/user/Escritorio/ros/install/triciclo_py/lib/python3.12/site-packages/triciclo_py-0.0.0-py3.12.egg-info
[4.415s] running install_scripts
[4.896s] Installing demo_movimiento script to /home/user/Escritorio/ros/install/triciclo_py/lib/triciclo_py
[4.897s] Installing mover_robot_cmdvel_rosgz script to /home/user/Escritorio/ros/install/triciclo_py/lib/triciclo_py
[4.898s] writing list of installed files to '/home/user/Escritorio/ros/build/triciclo_py/install.log'
[4.967s] Invoked command in '/home/user/Escritorio/ros/src/triciclo_py' returned '0': DEBUGINFOD_URLS=https://debuginfod.ubuntu.com PYTHONPATH=/home/user/Escritorio/ros/build/triciclo_py/prefix_override:/usr/lib/python3/dist-packages/colcon_core/task/python/colcon_distutils_commands:/home/user/Escritorio/ros/install/triciclo_py/lib/python3.12/site-packages:${PYTHONPATH} /usr/bin/python3 -W ignore:setup.py install is deprecated -W ignore:easy_install command is deprecated setup.py egg_info --egg-base ../../build/triciclo_py build --build-base /home/user/Escritorio/ros/build/triciclo_py/build install --record /home/user/Escritorio/ros/build/triciclo_py/install.log --single-version-externally-managed install_data
