[1.412s] Invoking command in '/home/user/Escritorio/ejemplos/final/Parte 3/src/triciclo_py': DEBUGINFOD_URLS=https://debuginfod.ubuntu.com PYTHONPATH=/home/user/Escritorio/ejemplos/final/Parte 3/build/triciclo_py/prefix_override:/usr/lib/python3/dist-packages/colcon_core/task/python/colcon_distutils_commands:/home/user/Escritorio/ejemplos/final/Parte 3/install/triciclo_py/lib/python3.12/site-packages:${PYTHONPATH} /usr/bin/python3 -W ignore:setup.py install is deprecated -W ignore:easy_install command is deprecated setup.py egg_info --egg-base ../../build/triciclo_py build --build-base /home/user/Escritorio/ejemplos/final/Parte 3/build/triciclo_py/build install --record /home/user/Escritorio/ejemplos/final/Parte 3/build/triciclo_py/install.log --single-version-externally-managed install_data
[1.890s] running egg_info
[1.930s] writing ../../build/triciclo_py/triciclo_py.egg-info/PKG-INFO
[1.931s] writing dependency_links to ../../build/triciclo_py/triciclo_py.egg-info/dependency_links.txt
[1.931s] writing requirements to ../../build/triciclo_py/triciclo_py.egg-info/requires.txt
[1.931s] writing top-level names to ../../build/triciclo_py/triciclo_py.egg-info/top_level.txt
[2.009s] reading manifest file '../../build/triciclo_py/triciclo_py.egg-info/SOURCES.txt'
[2.010s] writing manifest file '../../build/triciclo_py/triciclo_py.egg-info/SOURCES.txt'
[2.011s] running build
[2.011s] running build_py
[2.012s] running install
[2.021s] running install_lib
[2.062s] running install_data
[2.063s] copying launch/display.launch.py -> /home/user/Escritorio/ejemplos/final/Parte 3/install/triciclo_py/share/triciclo_py/launch
[2.064s] running install_egg_info
[2.104s] removing '/home/user/Escritorio/ejemplos/final/Parte 3/install/triciclo_py/lib/python3.12/site-packages/triciclo_py-0.0.0-py3.12.egg-info' (and everything under it)
[2.105s] Copying ../../build/triciclo_py/triciclo_py.egg-info to /home/user/Escritorio/ejemplos/final/Parte 3/install/triciclo_py/lib/python3.12/site-packages/triciclo_py-0.0.0-py3.12.egg-info
[2.108s] running install_scripts
[2.358s] writing list of installed files to '/home/user/Escritorio/ejemplos/final/Parte 3/build/triciclo_py/install.log'
[2.394s] Invoked command in '/home/user/Escritorio/ejemplos/final/Parte 3/src/triciclo_py' returned '0': DEBUGINFOD_URLS=https://debuginfod.ubuntu.com PYTHONPATH=/home/user/Escritorio/ejemplos/final/Parte 3/build/triciclo_py/prefix_override:/usr/lib/python3/dist-packages/colcon_core/task/python/colcon_distutils_commands:/home/user/Escritorio/ejemplos/final/Parte 3/install/triciclo_py/lib/python3.12/site-packages:${PYTHONPATH} /usr/bin/python3 -W ignore:setup.py install is deprecated -W ignore:easy_install command is deprecated setup.py egg_info --egg-base ../../build/triciclo_py build --build-base /home/user/Escritorio/ejemplos/final/Parte 3/build/triciclo_py/build install --record /home/user/Escritorio/ejemplos/final/Parte 3/build/triciclo_py/install.log --single-version-externally-managed install_data
