[2.579s] Invoking command in '/home/user/Escritorio/ros/src/triciclo_py': DEBUGINFOD_URLS=https://debuginfod.ubuntu.com PYTHONPATH=/home/user/Escritorio/ros/build/triciclo_py/prefix_override:/usr/lib/python3/dist-packages/colcon_core/task/python/colcon_distutils_commands:/home/user/Escritorio/ros/install/triciclo_py/lib/python3.12/site-packages:${PYTHONPATH} /usr/bin/python3 -W ignore:setup.py install is deprecated -W ignore:easy_install command is deprecated setup.py egg_info --egg-base ../../build/triciclo_py build --build-base /home/user/Escritorio/ros/build/triciclo_py/build install --record /home/user/Escritorio/ros/build/triciclo_py/install.log --single-version-externally-managed install_data
[3.316s] running egg_info
[3.366s] writing ../../build/triciclo_py/triciclo_py.egg-info/PKG-INFO
[3.367s] writing dependency_links to ../../build/triciclo_py/triciclo_py.egg-info/dependency_links.txt
[3.368s] writing entry points to ../../build/triciclo_py/triciclo_py.egg-info/entry_points.txt
[3.369s] writing requirements to ../../build/triciclo_py/triciclo_py.egg-info/requires.txt
[3.369s] writing top-level names to ../../build/triciclo_py/triciclo_py.egg-info/top_level.txt
[3.454s] reading manifest file '../../build/triciclo_py/triciclo_py.egg-info/SOURCES.txt'
[3.454s] writing manifest file '../../build/triciclo_py/triciclo_py.egg-info/SOURCES.txt'
[3.454s] running build
[3.456s] running build_py
[3.456s] running install
[3.469s] running install_lib
[3.515s] running install_data
[3.516s] running install_egg_info
[3.558s] removing '/home/user/Escritorio/ros/install/triciclo_py/lib/python3.12/site-packages/triciclo_py-0.0.0-py3.12.egg-info' (and everything under it)
[3.560s] Copying ../../build/triciclo_py/triciclo_py.egg-info to /home/user/Escritorio/ros/install/triciclo_py/lib/python3.12/site-packages/triciclo_py-0.0.0-py3.12.egg-info
[3.562s] running install_scripts
[3.829s] Installing demo_movimiento script to /home/user/Escritorio/ros/install/triciclo_py/lib/triciclo_py
[3.830s] Installing mover_robot_cmdvel_rosgz script to /home/user/Escritorio/ros/install/triciclo_py/lib/triciclo_py
[3.831s] writing list of installed files to '/home/user/Escritorio/ros/build/triciclo_py/install.log'
[3.895s] Invoked command in '/home/user/Escritorio/ros/src/triciclo_py' returned '0': DEBUGINFOD_URLS=https://debuginfod.ubuntu.com PYTHONPATH=/home/user/Escritorio/ros/build/triciclo_py/prefix_override:/usr/lib/python3/dist-packages/colcon_core/task/python/colcon_distutils_commands:/home/user/Escritorio/ros/install/triciclo_py/lib/python3.12/site-packages:${PYTHONPATH} /usr/bin/python3 -W ignore:setup.py install is deprecated -W ignore:easy_install command is deprecated setup.py egg_info --egg-base ../../build/triciclo_py build --build-base /home/user/Escritorio/ros/build/triciclo_py/build install --record /home/user/Escritorio/ros/build/triciclo_py/install.log --single-version-externally-managed install_data
